<?xml version="1.0" encoding="UTF-8"?>
<!-- Generated by org.testng.reporters.JUnitReportReporter -->
<testsuite name="Sample" tests="1" time="12.783" ignored="0" failures="0" timestamp="25 Jun 2019 19:23:50 GMT" skipped="0" hostname="MULPDL0235" errors="0">
  <testcase name="test" time="12.783" classname="Sample"/>
</testsuite> <!-- Sample -->
